<?xml version="1.0" encoding="UTF-8"?>
<robot generator="Robot 3.2.2 (Python 3.7.8 on win32)" generated="20210219 01:11:55.969" rpa="false">
<suite id="s1" name="TestPratice" source="C:\Users\matheus.kovaleski\PycharmProjects\robotPage\TestCases\TestPratice.robot">
<test id="s1-t1" name="Caso de Teste 01: comprar produto">
<kw name="Abrir Navegador" library="base" type="setup">
<kw name="Open Browser" library="SeleniumLibrary">
<doc>Opens a new browser instance to the optional ``url``.</doc>
<arguments>
<arg>${url}</arg>
<arg>${browser}</arg>
</arguments>
<msg timestamp="20210219 01:11:56.138" level="INFO">Opening browser 'chrome' to base url 'http://www.automationpractice.com/'.</msg>
<status status="PASS" starttime="20210219 01:11:56.138" endtime="20210219 01:12:02.673"></status>
</kw>
<status status="PASS" starttime="20210219 01:11:56.138" endtime="20210219 01:12:02.673"></status>
</kw>
<kw name="Dado que eu tenha acessado a pagina" library="PK">
<kw name="Validar acesso" library="PA">
<kw name="Valida titulo" library="PO">
<kw name="Title Should Be" library="SeleniumLibrary">
<doc>Verifies that the current page title equals ``title``.</doc>
<arguments>
<arg>My Store</arg>
</arguments>
<msg timestamp="20210219 01:12:02.679" level="INFO">Page title is 'My Store'.</msg>
<status status="PASS" starttime="20210219 01:12:02.675" endtime="20210219 01:12:02.679"></status>
</kw>
<status status="PASS" starttime="20210219 01:12:02.674" endtime="20210219 01:12:02.679"></status>
</kw>
<status status="PASS" starttime="20210219 01:12:02.674" endtime="20210219 01:12:02.679"></status>
</kw>
<status status="PASS" starttime="20210219 01:12:02.674" endtime="20210219 01:12:02.679"></status>
</kw>
<kw name="e tenha escolhido um produto" library="PK">
<kw name="Buscar produto" library="PA">
<kw name="Digitar elemento" library="PO">
<kw name="Input Text" library="SeleniumLibrary">
<doc>Types the given ``text`` into the text field identified by ``locator``.</doc>
<arguments>
<arg>xpath://*[@id="search_query_top"]</arg>
<arg>${produto}</arg>
</arguments>
<msg timestamp="20210219 01:12:02.681" level="INFO">Typing text 'T-shirts' into text field 'xpath://*[@id="search_query_top"]'.</msg>
<status status="PASS" starttime="20210219 01:12:02.680" endtime="20210219 01:12:02.739"></status>
</kw>
<status status="PASS" starttime="20210219 01:12:02.680" endtime="20210219 01:12:02.739"></status>
</kw>
<kw name="Botão buscar" library="PO">
<kw name="Click Element" library="SeleniumLibrary">
<doc>Click the element identified by ``locator``.</doc>
<arguments>
<arg>xpath://*[@id="searchbox"]/button</arg>
</arguments>
<msg timestamp="20210219 01:12:02.740" level="INFO">Clicking element 'xpath://*[@id="searchbox"]/button'.</msg>
<status status="PASS" starttime="20210219 01:12:02.740" endtime="20210219 01:12:02.780"></status>
</kw>
<status status="PASS" starttime="20210219 01:12:02.739" endtime="20210219 01:12:02.780"></status>
</kw>
<status status="PASS" starttime="20210219 01:12:02.680" endtime="20210219 01:12:02.780"></status>
</kw>
<kw name="adicionar no carrinho" library="PA">
<kw name="Conferir disponibilidade" library="PO">
<kw name="Element Text Should Be" library="SeleniumLibrary">
<doc>Verifies that element ``locator`` contains exact the text ``expected``.</doc>
<arguments>
<arg>xpath://*[@id="center_column"]/ul/li/div/div[2]/span</arg>
<arg>In stock</arg>
</arguments>
<msg timestamp="20210219 01:12:02.781" level="INFO">Verifying element 'xpath://*[@id="center_column"]/ul/li/div/div[2]/span' contains exact text 'In stock'.</msg>
<status status="PASS" starttime="20210219 01:12:02.780" endtime="20210219 01:12:04.559"></status>
</kw>
<kw name="Click Element" library="SeleniumLibrary">
<doc>Click the element identified by ``locator``.</doc>
<arguments>
<arg>xpath://*[@id="center_column"]/ul/li/div/div[2]/div[2]/a[1]</arg>
</arguments>
<msg timestamp="20210219 01:12:04.559" level="INFO">Clicking element 'xpath://*[@id="center_column"]/ul/li/div/div[2]/div[2]/a[1]'.</msg>
<status status="PASS" starttime="20210219 01:12:04.559" endtime="20210219 01:12:04.594"></status>
</kw>
<status status="PASS" starttime="20210219 01:12:02.780" endtime="20210219 01:12:04.595"></status>
</kw>
<status status="PASS" starttime="20210219 01:12:02.780" endtime="20210219 01:12:04.595"></status>
</kw>
<status status="PASS" starttime="20210219 01:12:02.679" endtime="20210219 01:12:04.595"></status>
</kw>
<kw name="fechar navegador" library="base" type="teardown">
<kw name="Close Browser" library="SeleniumLibrary">
<doc>Closes the current browser.</doc>
<status status="PASS" starttime="20210219 01:12:04.595" endtime="20210219 01:12:06.694"></status>
</kw>
<status status="PASS" starttime="20210219 01:12:04.595" endtime="20210219 01:12:06.694"></status>
</kw>
<status status="PASS" starttime="20210219 01:11:56.138" endtime="20210219 01:12:06.694" critical="yes"></status>
</test>
<status status="PASS" starttime="20210219 01:11:55.985" endtime="20210219 01:12:06.694"></status>
</suite>
<statistics>
<total>
<stat pass="1" fail="0">Critical Tests</stat>
<stat pass="1" fail="0">All Tests</stat>
</total>
<tag>
</tag>
<suite>
<stat pass="1" fail="0" id="s1" name="TestPratice">TestPratice</stat>
</suite>
</statistics>
<errors>
</errors>
</robot>
