<?xml version="1.0" encoding="UTF-8"?>
<robot generator="Robot 3.2.2 (Python 3.7.8 on win32)" generated="20210301 14:36:23.078" rpa="false">
<suite id="s1" name="TestPratice" source="C:\Users\matheus.kovaleski\PycharmProjects\robotPage\TestCases\TestPratice.robot">
<test id="s1-t1" name="Caso de Teste 01: comprar produto">
<kw name="Abrir Navegador" library="base" type="setup">
<kw name="Open Browser" library="Selenium2Library">
<doc>Opens a new browser instance to the optional ``url``.</doc>
<arguments>
<arg>${url}</arg>
<arg>${browser}</arg>
</arguments>
<msg timestamp="20210301 14:36:23.247" level="INFO">Opening browser 'chrome' to base url 'http://www.automationpractice.com/'.</msg>
<status status="PASS" starttime="20210301 14:36:23.247" endtime="20210301 14:36:30.711"></status>
</kw>
<kw name="Maximize Browser Window" library="Selenium2Library">
<doc>Maximizes current browser window.</doc>
<status status="PASS" starttime="20210301 14:36:30.711" endtime="20210301 14:36:30.832"></status>
</kw>
<status status="PASS" starttime="20210301 14:36:23.247" endtime="20210301 14:36:30.832"></status>
</kw>
<kw name="Dado que eu tenha acessado a pagina" library="PK">
<kw name="Validar acesso" library="PA">
<kw name="Valida titulo" library="PO">
<kw name="Title Should Be" library="Selenium2Library">
<doc>Verifies that the current page title equals ``title``.</doc>
<arguments>
<arg>My Store</arg>
</arguments>
<msg timestamp="20210301 14:36:30.838" level="INFO">Page title is 'My Store'.</msg>
<status status="PASS" starttime="20210301 14:36:30.834" endtime="20210301 14:36:30.838"></status>
</kw>
<status status="PASS" starttime="20210301 14:36:30.833" endtime="20210301 14:36:30.838"></status>
</kw>
<status status="PASS" starttime="20210301 14:36:30.833" endtime="20210301 14:36:30.838"></status>
</kw>
<status status="PASS" starttime="20210301 14:36:30.833" endtime="20210301 14:36:30.838"></status>
</kw>
<kw name="e tenha escolhido um produto" library="PK">
<kw name="Buscar produto" library="PA">
<kw name="Digitar elemento" library="PO">
<kw name="Input Text" library="Selenium2Library">
<doc>Types the given ``text`` into the text field identified by ``locator``.</doc>
<arguments>
<arg>xpath://*[@id="search_query_top"]</arg>
<arg>${produto}</arg>
</arguments>
<msg timestamp="20210301 14:36:30.840" level="INFO">Typing text 'T-shirts' into text field 'xpath://*[@id="search_query_top"]'.</msg>
<status status="PASS" starttime="20210301 14:36:30.839" endtime="20210301 14:36:30.923"></status>
</kw>
<status status="PASS" starttime="20210301 14:36:30.839" endtime="20210301 14:36:30.923"></status>
</kw>
<kw name="Botão buscar" library="PO">
<kw name="Click Element" library="Selenium2Library">
<doc>Click the element identified by ``locator``.</doc>
<arguments>
<arg>xpath://*[@id="searchbox"]/button</arg>
</arguments>
<msg timestamp="20210301 14:36:30.923" level="INFO">Clicking element 'xpath://*[@id="searchbox"]/button'.</msg>
<status status="PASS" starttime="20210301 14:36:30.923" endtime="20210301 14:36:32.105"></status>
</kw>
<status status="PASS" starttime="20210301 14:36:30.923" endtime="20210301 14:36:32.105"></status>
</kw>
<status status="PASS" starttime="20210301 14:36:30.839" endtime="20210301 14:36:32.105"></status>
</kw>
<kw name="adicionar no carrinho" library="PA">
<kw name="Conferir disponibilidade" library="PO">
<kw name="Wait Until Page Contains Element" library="Selenium2Library">
<doc>Waits until the element ``locator`` appears on the current page.</doc>
<arguments>
<arg>xpath://*[@id="center_column"]/ul/li/div/div[2]/span/span</arg>
<arg>timeout=10</arg>
</arguments>
<status status="PASS" starttime="20210301 14:36:32.106" endtime="20210301 14:36:32.115"></status>
</kw>
<kw name="Set Focus To Element" library="Selenium2Library">
<doc>Sets the focus to the element identified by ``locator``.</doc>
<arguments>
<arg>xpath://*[@id="center_column"]/ul/li/div/div[2]/span/span</arg>
</arguments>
<status status="PASS" starttime="20210301 14:36:32.115" endtime="20210301 14:36:32.123"></status>
</kw>
<kw name="Mouse Over" library="Selenium2Library">
<doc>Simulates hovering the mouse over the element ``locator``.</doc>
<arguments>
<arg>xpath://*[@id="center_column"]/ul/li/div/div[2]/span/span</arg>
</arguments>
<msg timestamp="20210301 14:36:32.123" level="INFO">Simulating Mouse Over on element 'xpath://*[@id="center_column"]/ul/li/div/div[2]/span/span'.</msg>
<status status="PASS" starttime="20210301 14:36:32.123" endtime="20210301 14:36:32.411"></status>
</kw>
<kw name="Element Text Should Be" library="Selenium2Library">
<doc>Verifies that element ``locator`` contains exact the text ``expected``.</doc>
<arguments>
<arg>xpath://*[@id="center_column"]/ul/li/div/div[2]/span/span</arg>
<arg>In stock</arg>
</arguments>
<msg timestamp="20210301 14:36:32.411" level="INFO">Verifying element 'xpath://*[@id="center_column"]/ul/li/div/div[2]/span/span' contains exact text 'In stock'.</msg>
<status status="PASS" starttime="20210301 14:36:32.411" endtime="20210301 14:36:32.424"></status>
</kw>
<status status="PASS" starttime="20210301 14:36:32.106" endtime="20210301 14:36:32.424"></status>
</kw>
<kw name="click add carinho" library="PO">
<kw name="Mouse Over" library="Selenium2Library">
<doc>Simulates hovering the mouse over the element ``locator``.</doc>
<arguments>
<arg>xpath://*[@id="center_column"]/ul/li/div/div[2]/span/span</arg>
</arguments>
<msg timestamp="20210301 14:36:32.425" level="INFO">Simulating Mouse Over on element 'xpath://*[@id="center_column"]/ul/li/div/div[2]/span/span'.</msg>
<status status="PASS" starttime="20210301 14:36:32.424" endtime="20210301 14:36:32.690"></status>
</kw>
<kw name="Click Element" library="Selenium2Library">
<doc>Click the element identified by ``locator``.</doc>
<arguments>
<arg>xpath://*[@id="center_column"]/ul/li/div/div[2]/div[2]/a[1]</arg>
</arguments>
<msg timestamp="20210301 14:36:32.690" level="INFO">Clicking element 'xpath://*[@id="center_column"]/ul/li/div/div[2]/div[2]/a[1]'.</msg>
<status status="PASS" starttime="20210301 14:36:32.690" endtime="20210301 14:36:32.727"></status>
</kw>
<status status="PASS" starttime="20210301 14:36:32.424" endtime="20210301 14:36:32.727"></status>
</kw>
<kw name="proceed to checkout" library="PO">
<kw name="Wait Until Page Contains Element" library="Selenium2Library">
<doc>Waits until the element ``locator`` appears on the current page.</doc>
<arguments>
<arg>xpath://*[@id="layer_cart"]/div[1]/div[2]/div[4]/a</arg>
<arg>timeout=10</arg>
</arguments>
<status status="PASS" starttime="20210301 14:36:32.728" endtime="20210301 14:36:32.736"></status>
</kw>
<kw name="Wait Until Element Is Visible" library="Selenium2Library">
<doc>Waits until the element ``locator`` is visible.</doc>
<arguments>
<arg>xpath://*[@id="layer_cart"]/div[1]/div[2]/div[4]/a</arg>
</arguments>
<status status="PASS" starttime="20210301 14:36:32.736" endtime="20210301 14:36:33.442"></status>
</kw>
<kw name="Wait Until Element Is Enabled" library="Selenium2Library">
<doc>Waits until the element ``locator`` is enabled.</doc>
<arguments>
<arg>xpath://*[@id="layer_cart"]/div[1]/div[2]/div[4]/a</arg>
</arguments>
<status status="PASS" starttime="20210301 14:36:33.442" endtime="20210301 14:36:33.459"></status>
</kw>
<kw name="Click Element" library="Selenium2Library">
<doc>Click the element identified by ``locator``.</doc>
<arguments>
<arg>xpath://*[@id="layer_cart"]/div[1]/div[2]/div[4]/a</arg>
</arguments>
<msg timestamp="20210301 14:36:33.459" level="INFO">Clicking element 'xpath://*[@id="layer_cart"]/div[1]/div[2]/div[4]/a'.</msg>
<status status="PASS" starttime="20210301 14:36:33.459" endtime="20210301 14:36:34.852"></status>
</kw>
<kw name="Set Global Variable" library="BuiltIn">
<doc>Makes a variable available globally in all tests and suites.</doc>
<arguments>
<arg>${productValue}</arg>
</arguments>
<msg timestamp="20210301 14:36:34.852" level="INFO">${productValue} = </msg>
<status status="PASS" starttime="20210301 14:36:34.852" endtime="20210301 14:36:34.852"></status>
</kw>
<kw name="Get Text" library="Selenium2Library">
<doc>Returns the text value of the element identified by ``locator``.</doc>
<arguments>
<arg>xpath://*[@id="total_price"]</arg>
</arguments>
<assign>
<var>${productValue}</var>
</assign>
<msg timestamp="20210301 14:36:34.870" level="INFO">${productValue} = $18.51</msg>
<status status="PASS" starttime="20210301 14:36:34.853" endtime="20210301 14:36:34.870"></status>
</kw>
<kw name="Click Element" library="Selenium2Library">
<doc>Click the element identified by ``locator``.</doc>
<arguments>
<arg>xpath://*[@id="center_column"]/p[2]/a[1]</arg>
</arguments>
<msg timestamp="20210301 14:36:34.870" level="INFO">Clicking element 'xpath://*[@id="center_column"]/p[2]/a[1]'.</msg>
<status status="PASS" starttime="20210301 14:36:34.870" endtime="20210301 14:36:36.690"></status>
</kw>
<status status="PASS" starttime="20210301 14:36:32.727" endtime="20210301 14:36:36.690"></status>
</kw>
<status status="PASS" starttime="20210301 14:36:32.105" endtime="20210301 14:36:36.690"></status>
</kw>
<status status="PASS" starttime="20210301 14:36:30.839" endtime="20210301 14:36:36.690"></status>
</kw>
<kw name="e feito um cadastro" library="PK">
<kw name="Fazer cadastro" library="PA">
<kw name="cadastrar email" library="PO">
<kw name="Input Text" library="Selenium2Library">
<doc>Types the given ``text`` into the text field identified by ``locator``.</doc>
<arguments>
<arg>id:email_create</arg>
<arg>${email}</arg>
</arguments>
<msg timestamp="20210301 14:36:36.692" level="INFO">Typing text 'matheusfk859653653524@gmail.com' into text field 'id:email_create'.</msg>
<status status="PASS" starttime="20210301 14:36:36.692" endtime="20210301 14:36:36.784"></status>
</kw>
<kw name="Click Element" library="Selenium2Library">
<doc>Click the element identified by ``locator``.</doc>
<arguments>
<arg>id:SubmitCreate</arg>
</arguments>
<msg timestamp="20210301 14:36:36.785" level="INFO">Clicking element 'id:SubmitCreate'.</msg>
<status status="PASS" starttime="20210301 14:36:36.784" endtime="20210301 14:36:36.818"></status>
</kw>
<status status="PASS" starttime="20210301 14:36:36.692" endtime="20210301 14:36:36.818"></status>
</kw>
<kw name="cadastrar informações" library="PO">
<kw name="Wait Until Page Contains Element" library="Selenium2Library">
<doc>Waits until the element ``locator`` appears on the current page.</doc>
<arguments>
<arg>name:id_gender</arg>
<arg>timeout=20</arg>
</arguments>
<kw name="Capture Page Screenshot" library="Selenium2Library">
<doc>Takes a screenshot of the current page and embeds it into a log file.</doc>
<msg timestamp="20210301 14:36:57.245" level="INFO" html="yes">&lt;/td&gt;&lt;/tr&gt;&lt;tr&gt;&lt;td colspan="3"&gt;&lt;a href="selenium-screenshot-76.png"&gt;&lt;img src="selenium-screenshot-76.png" width="800px"&gt;&lt;/a&gt;</msg>
<status status="PASS" starttime="20210301 14:36:56.967" endtime="20210301 14:36:57.245"></status>
</kw>
<msg timestamp="20210301 14:36:57.245" level="FAIL">Element 'name:id_gender' did not appear in 20 seconds.</msg>
<status status="FAIL" starttime="20210301 14:36:36.818" endtime="20210301 14:36:57.245"></status>
</kw>
<status status="FAIL" starttime="20210301 14:36:36.818" endtime="20210301 14:36:57.245"></status>
</kw>
<status status="FAIL" starttime="20210301 14:36:36.691" endtime="20210301 14:36:57.245"></status>
</kw>
<status status="FAIL" starttime="20210301 14:36:36.691" endtime="20210301 14:36:57.245"></status>
</kw>
<kw name="fechar navegador" library="base" type="teardown">
<kw name="Close Browser" library="Selenium2Library">
<doc>Closes the current browser.</doc>
<status status="PASS" starttime="20210301 14:36:57.245" endtime="20210301 14:36:59.341"></status>
</kw>
<status status="PASS" starttime="20210301 14:36:57.245" endtime="20210301 14:36:59.341"></status>
</kw>
<status status="FAIL" starttime="20210301 14:36:23.247" endtime="20210301 14:36:59.341" critical="yes">Element 'name:id_gender' did not appear in 20 seconds.</status>
</test>
<status status="FAIL" starttime="20210301 14:36:23.078" endtime="20210301 14:36:59.341"></status>
</suite>
<statistics>
<total>
<stat pass="0" fail="1">Critical Tests</stat>
<stat pass="0" fail="1">All Tests</stat>
</total>
<tag>
</tag>
<suite>
<stat pass="0" fail="1" id="s1" name="TestPratice">TestPratice</stat>
</suite>
</statistics>
<errors>
</errors>
</robot>
